<?xml version="1.0" encoding="UTF-8"?>
<!-- Generated by org.testng.reporters.JUnitReportReporter -->
<testsuite hostname="DESKTOP-NTA1H7H" failures="0" tests="1" name="Runnerclasses.Address2Runner" time="115.413" errors="0" timestamp="2024-03-08T18:46:14 IST" skipped="0">
  <testcase classname="Runnerclasses.Address2Runner" name="feature" time="115.413"/>
  <system-out/>
</testsuite> <!-- Runnerclasses.Address2Runner -->
