<?xml version="1.0" encoding="UTF-8"?>
<!-- Generated by org.testng.reporters.JUnitReportReporter -->
<testsuite hostname="DESKTOP-NTA1H7H" failures="0" tests="1" name="Runnerclasses.creditcardtextbox" time="216.229" errors="0" timestamp="2024-05-14T15:58:13 IST" skipped="0">
  <testcase classname="Runnerclasses.creditcardtextbox" name="feature" time="216.229"/>
</testsuite> <!-- Runnerclasses.creditcardtextbox -->
