<?xml version="1.0" encoding="UTF-8"?>
<!-- Generated by org.testng.reporters.JUnitReportReporter -->
<testsuite hostname="DESKTOP-NTA1H7H" failures="0" tests="1" name="Runnerclasses.NameoncardRunner" time="127.377" errors="0" timestamp="2024-03-08T18:46:14 IST" skipped="0">
  <testcase classname="Runnerclasses.NameoncardRunner" name="feature" time="127.377"/>
  <system-out/>
</testsuite> <!-- Runnerclasses.NameoncardRunner -->
