<?xml version="1.0" encoding="UTF-8"?>
<!-- Generated by org.testng.reporters.JUnitReportReporter -->
<testsuite hostname="DESKTOP-NTA1H7H" failures="0" tests="2" name="Runnerclasses.PaymentmethodAllField" time="239.918" errors="0" timestamp="2024-03-08T18:46:14 IST" skipped="1">
  <testcase classname="Runnerclasses.PaymentmethodAllField" name="feature" time="138.853"/>
  <system-out/>
  <testcase classname="Runnerclasses.PaymentmethodAllField" name="feature" time="101.065">
    <skipped/>
  </testcase> <!-- feature -->
  <system-out/>
</testsuite> <!-- Runnerclasses.PaymentmethodAllField -->
