<?xml version="1.0" encoding="UTF-8"?>
<!-- Generated by org.testng.reporters.JUnitReportReporter -->
<testsuite hostname="DESKTOP-NTA1H7H" failures="0" tests="2" name="Runnerclasses.SecuritycodeRunner" time="218.334" errors="0" timestamp="2024-03-08T18:46:14 IST" skipped="1">
  <testcase classname="Runnerclasses.SecuritycodeRunner" name="feature" time="113.300"/>
  <system-out/>
  <testcase classname="Runnerclasses.SecuritycodeRunner" name="feature" time="105.034">
    <skipped/>
  </testcase> <!-- feature -->
  <system-out/>
</testsuite> <!-- Runnerclasses.SecuritycodeRunner -->
