<?xml version="1.0" encoding="UTF-8"?>
<!-- Generated by org.testng.reporters.JUnitReportReporter -->
<testsuite hostname="DESKTOP-NTA1H7H" failures="0" tests="2" name="Runnerclasses.Address1Runner" time="208.339" errors="0" timestamp="2024-03-08T18:46:14 IST" skipped="1">
  <testcase classname="Runnerclasses.Address1Runner" name="feature" time="106.918"/>
  <system-out/>
  <testcase classname="Runnerclasses.Address1Runner" name="feature" time="101.421">
    <skipped/>
  </testcase> <!-- feature -->
  <system-out/>
</testsuite> <!-- Runnerclasses.Address1Runner -->
