<?xml version="1.0" encoding="UTF-8"?>
<!-- Generated by org.testng.reporters.JUnitReportReporter -->
<testsuite hostname="DESKTOP-NTA1H7H" failures="0" tests="2" name="Runnerclasses.CityandStateRunner" time="230.900" errors="0" timestamp="2024-03-08T18:52:52 IST" skipped="1">
  <testcase classname="Runnerclasses.CityandStateRunner" name="feature" time="126.670"/>
  <system-out/>
  <testcase classname="Runnerclasses.CityandStateRunner" name="feature" time="104.230">
    <skipped/>
  </testcase> <!-- feature -->
  <system-out/>
</testsuite> <!-- Runnerclasses.CityandStateRunner -->
