<?xml version="1.0" encoding="UTF-8"?>
<!-- Generated by org.testng.reporters.JUnitReportReporter -->
<testsuite hostname="DESKTOP-NTA1H7H" failures="0" tests="1" name="Runnerclasses.Datefieldrunner" time="116.852" errors="0" timestamp="2024-03-08T18:46:14 IST" skipped="0">
  <testcase classname="Runnerclasses.Datefieldrunner" name="feature" time="116.852"/>
  <system-out/>
</testsuite> <!-- Runnerclasses.Datefieldrunner -->
