<?xml version="1.0" encoding="UTF-8"?>
<!-- Generated by org.testng.reporters.JUnitReportReporter -->
<testsuite hostname="DESKTOP-NTA1H7H" failures="0" tests="1" name="Runnerclasses.InformationDialogBox" time="99.310" errors="0" timestamp="2024-04-26T12:58:03 IST" skipped="0">
  <testcase classname="Runnerclasses.InformationDialogBox" name="feature" time="99.310"/>
</testsuite> <!-- Runnerclasses.InformationDialogBox -->
