<?xml version="1.0" encoding="UTF-8"?>
<!-- Generated by org.testng.reporters.JUnitReportReporter -->
<testsuite hostname="DESKTOP-NTA1H7H" failures="0" tests="1" name="Runnerclasses.Checkboxrunner" time="108.359" errors="0" timestamp="2024-03-07T15:04:57 IST" skipped="0">
  <testcase classname="Runnerclasses.Checkboxrunner" name="feature" time="108.359"/>
  <system-out/>
</testsuite> <!-- Runnerclasses.Checkboxrunner -->
