<?xml version="1.0" encoding="UTF-8"?>
<!-- Generated by org.testng.reporters.JUnitReportReporter -->
<testsuite hostname="DESKTOP-NTA1H7H" failures="0" tests="2" name="Runnerclasses.AddCreditCard" time="235.568" errors="0" timestamp="2024-03-08T18:46:14 IST" skipped="1">
  <testcase classname="Runnerclasses.AddCreditCard" name="feature" time="124.907"/>
  <system-out/>
  <testcase classname="Runnerclasses.AddCreditCard" name="feature" time="110.661">
    <skipped/>
  </testcase> <!-- feature -->
  <system-out/>
</testsuite> <!-- Runnerclasses.AddCreditCard -->
