<?xml version="1.0" encoding="UTF-8"?>
<!-- Generated by org.testng.reporters.JUnitReportReporter -->
<testsuite hostname="DESKTOP-NTA1H7H" failures="0" tests="1" name="Runnerclasses.Search" time="149.852" errors="0" timestamp="2024-04-26T12:58:03 IST" skipped="0">
  <testcase classname="Runnerclasses.Search" name="feature" time="149.852"/>
</testsuite> <!-- Runnerclasses.Search -->
